0 info it worked if it ends with ok
1 verbose cli [ 'C:\\Program Files (x86)\\nodejs\\node.exe',
1 verbose cli   'C:\\Program Files (x86)\\nodejs\\node_modules\\npm\\bin\\npm-cli.js',
1 verbose cli   'run',
1 verbose cli   'start-server' ]
2 info using npm@3.10.10
3 info using node@v6.14.1
4 verbose run-script [ 'prestart-server', 'start-server', 'poststart-server' ]
5 info lifecycle myapp@0.0.0~prestart-server: myapp@0.0.0
6 silly lifecycle myapp@0.0.0~prestart-server: no script for prestart-server, continuing
7 info lifecycle myapp@0.0.0~start-server: myapp@0.0.0
8 verbose lifecycle myapp@0.0.0~start-server: unsafe-perm in lifecycle true
9 verbose lifecycle myapp@0.0.0~start-server: PATH: C:\Program Files (x86)\nodejs\node_modules\npm\bin\node-gyp-bin;C:\The-Projects\The-Projs\express\myapp\node_modules\.bin;C:\Program Files\Java\jdk1.8.0_171\jre\bin;C:\Program Files (x86)\Common Files\Oracle\Java\javapath;C:\Program Files (x86)\Intel\Intel(R) Management Engine Components\iCLS\;C:\Program Files\Intel\Intel(R) Management Engine Components\iCLS\;C:\WINDOWS\system32;C:\WINDOWS;C:\WINDOWS\System32\Wbem;C:\WINDOWS\System32\WindowsPowerShell\v1.0\;C:\Program Files (x86)\Intel\Intel(R) Management Engine Components\DAL;C:\Program Files\Intel\Intel(R) Management Engine Components\DAL;C:\Program Files (x86)\Intel\Intel(R) Management Engine Components\IPT;C:\Program Files\Intel\Intel(R) Management Engine Components\IPT;C:\Program Files (x86)\nodejs\;C:\Program Files\Git\cmd;C:\Program Files\TortoiseSVN\bin;C:\Program Files\Java\jdk1.8.0_171\bin;C:\Users\jmx\AppData\Local\Android\Sdk\platform-tools;C:\Users\jmx\AppData\Local\Android\Sdk\tools;C:\Program Files\android-studio-ide-181.4869471-windows\android-studio\gradle\gradle-4.8.1-all\gradle-4.8.1\bin;C:\WINDOWS\System32\OpenSSH\;C:\Users\jmx\AppData\Local\Microsoft\WindowsApps;C:\Users\jmx\AppData\Roaming\npm;C:\Users\jmx\AppData\Local\GitHubDesktop\bin;C:\Users\jmx\AppData\Local\Microsoft\WindowsApps;C:\Program Files\HBuilderX.1.3.2.20181214\HBuilderX\plugins\launcher\tools\adbs;
10 verbose lifecycle myapp@0.0.0~start-server: CWD: C:\The-Projects\The-Projs\express\myapp
11 silly lifecycle myapp@0.0.0~start-server: Args: [ '/d /s /c',
11 silly lifecycle   'set NODE_ENV=development && supervisor -w app,bin/www.js bin/www' ]
12 silly lifecycle myapp@0.0.0~start-server: Returned: code: 3221225786  signal: null
13 info lifecycle myapp@0.0.0~start-server: Failed to exec start-server script
14 verbose stack Error: myapp@0.0.0 start-server: `set NODE_ENV=development && supervisor -w app,bin/www.js bin/www`
14 verbose stack Exit status 3221225786
14 verbose stack     at EventEmitter.<anonymous> (C:\Program Files (x86)\nodejs\node_modules\npm\lib\utils\lifecycle.js:255:16)
14 verbose stack     at emitTwo (events.js:106:13)
14 verbose stack     at EventEmitter.emit (events.js:191:7)
14 verbose stack     at ChildProcess.<anonymous> (C:\Program Files (x86)\nodejs\node_modules\npm\lib\utils\spawn.js:40:14)
14 verbose stack     at emitTwo (events.js:106:13)
14 verbose stack     at ChildProcess.emit (events.js:191:7)
14 verbose stack     at maybeClose (internal/child_process.js:920:16)
14 verbose stack     at Process.ChildProcess._handle.onexit (internal/child_process.js:230:5)
15 verbose pkgid myapp@0.0.0
16 verbose cwd C:\The-Projects\The-Projs\express\myapp
17 error Windows_NT 10.0.17134
18 error argv "C:\\Program Files (x86)\\nodejs\\node.exe" "C:\\Program Files (x86)\\nodejs\\node_modules\\npm\\bin\\npm-cli.js" "run" "start-server"
19 error node v6.14.1
20 error npm  v3.10.10
21 error code ELIFECYCLE
22 error myapp@0.0.0 start-server: `set NODE_ENV=development && supervisor -w app,bin/www.js bin/www`
22 error Exit status 3221225786
23 error Failed at the myapp@0.0.0 start-server script 'set NODE_ENV=development && supervisor -w app,bin/www.js bin/www'.
23 error Make sure you have the latest version of node.js and npm installed.
23 error If you do, this is most likely a problem with the myapp package,
23 error not with npm itself.
23 error Tell the author that this fails on your system:
23 error     set NODE_ENV=development && supervisor -w app,bin/www.js bin/www
23 error You can get information on how to open an issue for this project with:
23 error     npm bugs myapp
23 error Or if that isn't available, you can get their info via:
23 error     npm owner ls myapp
23 error There is likely additional logging output above.
24 verbose exit [ 1, true ]
