0 info it worked if it ends with ok
1 verbose cli [ 'C:\\Program Files (x86)\\nodejs\\node.exe',
1 verbose cli   'C:\\Program Files (x86)\\nodejs\\node_modules\\npm\\bin\\npm-cli.js',
1 verbose cli   'run',
1 verbose cli   'dev-admin' ]
2 info using npm@3.10.10
3 info using node@v6.14.1
4 verbose run-script [ 'predev-admin', 'dev-admin', 'postdev-admin' ]
5 info lifecycle myapp@0.0.0~predev-admin: myapp@0.0.0
6 silly lifecycle myapp@0.0.0~predev-admin: no script for predev-admin, continuing
7 info lifecycle myapp@0.0.0~dev-admin: myapp@0.0.0
8 verbose lifecycle myapp@0.0.0~dev-admin: unsafe-perm in lifecycle true
9 verbose lifecycle myapp@0.0.0~dev-admin: PATH: C:\Program Files (x86)\nodejs\node_modules\npm\bin\node-gyp-bin;C:\The-Projects\The-Projs\express\myapp\node_modules\.bin;C:\Program Files\Java\jdk1.8.0_171\jre\bin;C:\Program Files (x86)\Common Files\Oracle\Java\javapath;C:\Program Files (x86)\Intel\Intel(R) Management Engine Components\iCLS\;C:\Program Files\Intel\Intel(R) Management Engine Components\iCLS\;C:\WINDOWS\system32;C:\WINDOWS;C:\WINDOWS\System32\Wbem;C:\WINDOWS\System32\WindowsPowerShell\v1.0\;C:\Program Files (x86)\Intel\Intel(R) Management Engine Components\DAL;C:\Program Files\Intel\Intel(R) Management Engine Components\DAL;C:\Program Files (x86)\Intel\Intel(R) Management Engine Components\IPT;C:\Program Files\Intel\Intel(R) Management Engine Components\IPT;C:\Program Files (x86)\nodejs\;C:\Program Files\Git\cmd;C:\Program Files\TortoiseSVN\bin;C:\Program Files\Java\jdk1.8.0_171\bin;C:\Users\jmx\AppData\Local\Android\Sdk\platform-tools;C:\Users\jmx\AppData\Local\Android\Sdk\tools;C:\Program Files\android-studio-ide-181.4869471-windows\android-studio\gradle\gradle-4.8.1-all\gradle-4.8.1\bin;C:\WINDOWS\System32\OpenSSH\;C:\Users\jmx\AppData\Local\Microsoft\WindowsApps;C:\Users\jmx\AppData\Roaming\npm;C:\Users\jmx\AppData\Local\GitHubDesktop\bin;C:\Users\jmx\AppData\Local\Microsoft\WindowsApps;C:\Program Files\HBuilderX.1.3.2.20181214\HBuilderX\plugins\launcher\tools\adbs;
10 verbose lifecycle myapp@0.0.0~dev-admin: CWD: C:\The-Projects\The-Projs\express\myapp
11 silly lifecycle myapp@0.0.0~dev-admin: Args: [ '/d /s /c',
11 silly lifecycle   'webpack-dev-server --inline --progress --config client/app-admin/build/webpack.dev.conf.js ' ]
12 verbose stack Error: kill ENOSYS
12 verbose stack     at Object.exports._errnoException (util.js:1020:11)
12 verbose stack     at process.kill (internal/process.js:191:18)
12 verbose stack     at process.listener (C:\Program Files (x86)\nodejs\node_modules\npm\node_modules\npmlog\node_modules\gauge\node_modules\signal-exit\index.js:86:15)
12 verbose stack     at emitNone (events.js:91:20)
12 verbose stack     at process.emit (events.js:185:7)
12 verbose stack     at processEmit (C:\Program Files (x86)\nodejs\node_modules\npm\node_modules\npmlog\node_modules\gauge\node_modules\signal-exit\index.js:146:32)
12 verbose stack     at processEmit (C:\Program Files (x86)\nodejs\node_modules\npm\node_modules\npm-registry-client\node_modules\npmlog\node_modules\gauge\node_modules\signal-exit\index.js:146:32)
12 verbose stack     at Signal.wrap.onsignal (internal/process.js:217:44)
13 verbose cwd C:\The-Projects\The-Projs\express\myapp\client\app-admin
14 error Windows_NT 10.0.17134
15 error argv "C:\\Program Files (x86)\\nodejs\\node.exe" "C:\\Program Files (x86)\\nodejs\\node_modules\\npm\\bin\\npm-cli.js" "run" "dev-admin"
16 error node v6.14.1
17 error npm  v3.10.10
18 error code ENOSYS
19 error errno ENOSYS
20 error syscall kill
21 error kill ENOSYS
22 error If you need help, you may report this error at:
22 error     <https://github.com/npm/npm/issues>
23 verbose exit [ 1, true ]
